#
# A fatal error has been detected by the Java Runtime Environment:
#
#  EXCEPTION_ACCESS_VIOLATION (0xc0000005) at pc=0x00007ffa1f1cb6f0, pid=4020, tid=10388
#
# JRE version: OpenJDK Runtime Environment Temurin-17.0.12+7 (17.0.12+7) (build 17.0.12+7)
# Java VM: OpenJDK 64-Bit Server VM Temurin-17.0.12+7 (17.0.12+7, mixed mode, emulated-client, sharing, tiered, compressed oops, compressed class ptrs, g1 gc, windows-amd64)
# Problematic frame:
# V  [jvm.dll+0x35b6f0]
#
# No core dump will be written. Minidumps are not enabled by default on client versions of Windows
#
# If you would like to submit a bug report, please visit:
#   https://github.com/adoptium/adoptium-support/issues
#

---------------  S U M M A R Y ------------

Command Line: -XX:TieredStopAtLevel=1 -Dspring.output.ansi.enabled=always -Dcom.sun.management.jmxremote -Dspring.jmx.enabled=true -Dspring.liveBeansView.mbeanDomain -Dspring.application.admin.enabled=true -Dmanagement.endpoints.jmx.exposure.include=* -javaagent:C:\Program Files\JetBrains\IntelliJ IDEA 2024.1.4\lib\idea_rt.jar=59830:C:\Program Files\JetBrains\IntelliJ IDEA 2024.1.4\bin -Dfile.encoding=UTF-8 yte.ypbs.ypbs_2024_ge3.Ypbs2024Ge3Application

Host: 12th Gen Intel(R) Core(TM) i7-1255U, 12 cores, 31G,  Windows 10 , 64 bit Build 19041 (10.0.19041.3636)
Time: Tue Aug  6 15:45:28 2024 Türkiye Standart Saati elapsed time: 1.601459 seconds (0d 0h 0m 1s)

---------------  T H R E A D  ---------------

Current thread (0x00000204f69dc6d0):  GCTaskThread "GC Thread#9" [stack: 0x000000b190600000,0x000000b190700000] [id=10388]

Stack: [0x000000b190600000,0x000000b190700000],  sp=0x000000b1906ff730,  free space=1021k
Native frames: (J=compiled Java code, j=interpreted, Vv=VM code, C=native code)
V  [jvm.dll+0x35b6f0]
V  [jvm.dll+0x30a32a]
V  [jvm.dll+0x309bb7]
V  [jvm.dll+0x30ab32]
V  [jvm.dll+0x3078de]
V  [jvm.dll+0x315f13]
V  [jvm.dll+0x317eae]
V  [jvm.dll+0x31652d]
V  [jvm.dll+0x317a4a]
V  [jvm.dll+0x2e2563]
V  [jvm.dll+0x2e3feb]
V  [jvm.dll+0x864aab]
V  [jvm.dll+0x864af6]
V  [jvm.dll+0x7e65dc]
V  [jvm.dll+0x67e7f7]
C  [ucrtbase.dll+0x21bb2]
C  [KERNEL32.DLL+0x17344]
C  [ntdll.dll+0x526b1]


siginfo: EXCEPTION_ACCESS_VIOLATION (0xc0000005), reading address 0x000002025f888228


Registers:
RAX=0x0000000049b9da4d, RBX=0x0000000000000001, RCX=0x00000204b50473c0, RDX=0x0000000624036670
RSP=0x000000b1906ff730, RBP=0x00000204f6b8cd50, RSI=0x00000204f6b8ced0, RDI=0x000002025f888228
R8 =0x00000204f6b8ced0, R9 =0x0000000000000204, R10=0xffffffffb55081cd, R11=0x000000b1906ff570
R12=0x00000204b50473c0, R13=0x0000000000000000, R14=0x0000000624036670, R15=0x0000020702d34628
RIP=0x00007ffa1f1cb6f0, EFLAGS=0x0000000000010287


Register to memory mapping:

RIP=0x00007ffa1f1cb6f0 jvm.dll
RAX=0x0000000049b9da4d is an unknown value
RBX=0x0000000000000001 is an unknown value
RCX=0x00000204b50473c0 is pointing into metadata
RDX=
[error occurred during error reporting (printing register info), id 0xc0000005, EXCEPTION_ACCESS_VIOLATION (0xc0000005) at pc=0x00007ffa1f1461fc]

Top of Stack: (sp=0x000000b1906ff730)
0x000000b1906ff730:   0000000000000000 00007ffa1f151733
0x000000b1906ff740:   00000204f6b8cd50 0000000000000000
0x000000b1906ff750:   0000000000000000 fffffffff8900d9d
0x000000b1906ff760:   0000000000000000 0000000624036670
0x000000b1906ff770:   0000000000000001 00007ffa1f17a32a
0x000000b1906ff780:   0000000000000001 00000204f6b8cd50
0x000000b1906ff790:   0000000624036670 00000204f6b80100
0x000000b1906ff7a0:   0000000624036670 0000000607f141d0
0x000000b1906ff7b0:   00000204f6b8cd50 00000204b50473c0
0x000000b1906ff7c0:   0000000000000000 00007ffa1f179bb7
0x000000b1906ff7d0:   0000000000000000 0000000000000000
0x000000b1906ff7e0:   0000000000000000 0000000606139800
0x000000b1906ff7f0:   0000000600000000 00007ffa00000000
0x000000b1906ff800:   0000000000000001 00000204b2344bd0
0x000000b1906ff810:   0000000605b89510 00007ffa1f180092
0x000000b1906ff820:   0000000000000000 0000000000000000
0x000000b1906ff830:   0000000000000040 00000204946c0d30
0x000000b1906ff840:   000000b1906ffad0 00000204f6b8cd50
0x000000b1906ff850:   0000000606131584 000000000000058e
0x000000b1906ff860:   0000000606131585 00007ffa1f17ab32
0x000000b1906ff870:   0000000000000000 0000000003030001
0x000000b1906ff880:   0000000000000000 0000000000000001
0x000000b1906ff890:   00000204a04c49c0 0000000000000001
0x000000b1906ff8a0:   0000000000000040 000000b1906ffad0
0x000000b1906ff8b0:   0000000606139600 00007ffa1f1778de
0x000000b1906ff8c0:   000000b1906ff970 00000204f6b8cd50
0x000000b1906ff8d0:   00000204a04c49c0 0000000000000001
0x000000b1906ff8e0:   0000000000f371b8 0000000000000000
0x000000b1906ff8f0:   000000b1906ffad0 0000000606139600
0x000000b1906ff900:   0000000606139800 00007ffa1f185f13
0x000000b1906ff910:   0000000606139600 000000b1906ff930
0x000000b1906ff920:   000000b1906ff940 0000020494712060 

Instructions: (pc=0x00007ffa1f1cb6f0)
0x00007ffa1f1cb5f0:   03 da 84 c0 44 0f 45 c9 49 63 04 11 48 8d 3c 83
0x00007ffa1f1cb600:   48 3b df 73 14 48 8b d3 48 8b ce e8 00 0e 00 00
0x00007ffa1f1cb610:   48 83 c3 04 48 3b df 72 ec 48 8b 5c 24 30 48 8b
0x00007ffa1f1cb620:   74 24 38 48 83 c4 20 5f c3 cc cc cc cc cc cc cc
0x00007ffa1f1cb630:   48 89 5c 24 08 48 89 74 24 10 57 48 83 ec 20 0f
0x00007ffa1f1cb640:   b6 05 a1 fd 82 00 41 b9 10 00 00 00 84 c0 bb 18
0x00007ffa1f1cb650:   00 00 00 48 8b f1 b9 0c 00 00 00 41 0f 45 d9 48
0x00007ffa1f1cb660:   03 da 84 c0 44 0f 45 c9 49 63 04 11 48 8d 3c 83
0x00007ffa1f1cb670:   48 3b df 73 14 48 8b d3 48 8b ce e8 f0 15 00 00
0x00007ffa1f1cb680:   48 83 c3 04 48 3b df 72 ec 48 8b 5c 24 30 48 8b
0x00007ffa1f1cb690:   74 24 38 48 83 c4 20 5f c3 cc cc cc cc cc cc cc
0x00007ffa1f1cb6a0:   40 53 56 57 41 54 41 56 48 83 ec 20 4c 63 91 a0
0x00007ffa1f1cb6b0:   00 00 00 49 8b f0 4c 63 89 24 01 00 00 49 83 c2
0x00007ffa1f1cb6c0:   39 8b 81 20 01 00 00 4d 03 d1 49 03 c2 4c 89 7c
0x00007ffa1f1cb6d0:   24 60 4c 8b f2 4c 8b e1 4a 8d 3c d1 4c 8d 3c c1
0x00007ffa1f1cb6e0:   49 3b ff 73 4c 48 89 6c 24 58 66 0f 1f 44 00 00
0x00007ffa1f1cb6f0:   48 63 1f 8b 47 04 49 03 de 48 8d 2c 83 48 3b dd
0x00007ffa1f1cb700:   73 21 48 8b 4e 10 48 8b d3 48 8b 01 ff 10 48 8b
0x00007ffa1f1cb710:   4e 18 48 8b d3 48 8b 01 ff 10 48 83 c3 04 48 3b
0x00007ffa1f1cb720:   dd 72 df 48 83 c7 08 49 3b ff 72 c4 48 8b 6c 24
0x00007ffa1f1cb730:   58 48 8b 06 48 8b ce ff 50 10 4c 8b 7c 24 60 85
0x00007ffa1f1cb740:   c0 0f 84 af 00 00 00 83 e8 01 74 7b 83 e8 01 74
0x00007ffa1f1cb750:   26 83 f8 01 74 43 ba 84 00 00 00 48 8d 0d 76 35
0x00007ffa1f1cb760:   5c 00 e8 29 ca ee ff 48 83 c4 20 41 5e 41 5c 5f
0x00007ffa1f1cb770:   5e 5b e9 b9 3c 32 00 48 8b 4e 10 48 63 1d 42 11
0x00007ffa1f1cb780:   83 00 49 03 de 48 8b d3 48 8b 01 ff 10 48 8b 4e
0x00007ffa1f1cb790:   18 48 8b d3 48 8b 01 ff 10 48 8b 4e 10 48 63 1d
0x00007ffa1f1cb7a0:   2c 11 83 00 49 03 de 48 8b d3 48 8b 01 ff 10 48
0x00007ffa1f1cb7b0:   8b 4e 18 48 8b d3 48 8b 01 48 83 c4 20 41 5e 41
0x00007ffa1f1cb7c0:   5c 5f 5e 5b 48 ff 20 48 8b 4e 10 48 63 1d fe 10
0x00007ffa1f1cb7d0:   83 00 41 0f b6 bc 24 34 01 00 00 49 03 de 48 8b
0x00007ffa1f1cb7e0:   d3 48 8b 01 ff 10 48 8b 4e 18 48 8b d3 48 8b 01 


Stack slot to memory mapping:
stack at sp + 0 slots: 0x0 is NULL
stack at sp + 1 slots: 0x00007ffa1f151733 jvm.dll
stack at sp + 2 slots: 0x00000204f6b8cd50 points into unknown readable memory: 0x00007ffa1f7cc8d8 | d8 c8 7c 1f fa 7f 00 00
stack at sp + 3 slots: 0x0 is NULL
stack at sp + 4 slots: 0x0 is NULL
stack at sp + 5 slots: 0xfffffffff8900d9d is an unknown value
stack at sp + 6 slots: 0x0 is NULL
stack at sp + 7 slots: 
[error occurred during error reporting (inspecting top of stack), id 0xc0000005, EXCEPTION_ACCESS_VIOLATION (0xc0000005) at pc=0x00007ffa1f1461fc]


---------------  P R O C E S S  ---------------

Threads class SMR info:
_java_thread_list=0x00000204fb9bdcf0, length=18, elements={
0x00000204946a6630, 0x00000204b2433bf0, 0x00000204b2434a70, 0x00000204b2447690,
0x00000204b2448510, 0x00000204b244b1a0, 0x00000204b244ccd0, 0x00000204b244db50,
0x00000204b244e960, 0x00000204f60e9530, 0x00000204f6198d70, 0x00000204f619e460,
0x00000204f619e980, 0x00000204f6593990, 0x00000204f6593e70, 0x00000204f66976b0,
0x00000204fb9e0cd0, 0x00000204fb9c66d0
}

Java Threads: ( => current thread )
  0x00000204946a6630 JavaThread "main" [_thread_blocked, id=24024, stack(0x000000b18e700000,0x000000b18e800000)]
  0x00000204b2433bf0 JavaThread "Reference Handler" daemon [_thread_blocked, id=29416, stack(0x000000b18ee00000,0x000000b18ef00000)]
  0x00000204b2434a70 JavaThread "Finalizer" daemon [_thread_blocked, id=29880, stack(0x000000b18ef00000,0x000000b18f000000)]
  0x00000204b2447690 JavaThread "Signal Dispatcher" daemon [_thread_blocked, id=2284, stack(0x000000b18f000000,0x000000b18f100000)]
  0x00000204b2448510 JavaThread "Attach Listener" daemon [_thread_blocked, id=29856, stack(0x000000b18f100000,0x000000b18f200000)]
  0x00000204b244b1a0 JavaThread "Service Thread" daemon [_thread_blocked, id=30232, stack(0x000000b18f200000,0x000000b18f300000)]
  0x00000204b244ccd0 JavaThread "Monitor Deflation Thread" daemon [_thread_blocked, id=5920, stack(0x000000b18f300000,0x000000b18f400000)]
  0x00000204b244db50 JavaThread "C1 CompilerThread0" daemon [_thread_blocked, id=28248, stack(0x000000b18f400000,0x000000b18f500000)]
  0x00000204b244e960 JavaThread "Sweeper thread" daemon [_thread_blocked, id=5744, stack(0x000000b18f500000,0x000000b18f600000)]
  0x00000204f60e9530 JavaThread "C1 CompilerThread1" daemon [_thread_blocked, id=29280, stack(0x000000b18f600000,0x000000b18f700000)]
  0x00000204f6198d70 JavaThread "Common-Cleaner" daemon [_thread_blocked, id=30280, stack(0x000000b18f700000,0x000000b18f800000)]
  0x00000204f619e460 JavaThread "C1 CompilerThread2" daemon [_thread_blocked, id=2632, stack(0x000000b18f800000,0x000000b18f900000)]
  0x00000204f619e980 JavaThread "C1 CompilerThread3" daemon [_thread_blocked, id=24084, stack(0x000000b18f900000,0x000000b18fa00000)]
  0x00000204f6593990 JavaThread "Monitor Ctrl-Break" daemon [_thread_in_native, id=29824, stack(0x000000b18fa00000,0x000000b18fb00000)]
  0x00000204f6593e70 JavaThread "Notification Thread" daemon [_thread_blocked, id=17484, stack(0x000000b18fb00000,0x000000b18fc00000)]
  0x00000204f66976b0 JavaThread "RMI TCP Accept-0" daemon [_thread_in_native, id=17076, stack(0x000000b18fc00000,0x000000b18fd00000)]
  0x00000204fb9e0cd0 JavaThread "RMI TCP Connection(1)-10.40.136.235" daemon [_thread_blocked, id=10924, stack(0x000000b190900000,0x000000b190a00000)]
  0x00000204fb9c66d0 JavaThread "RMI Scheduler(0)" daemon [_thread_blocked, id=30240, stack(0x000000b190c00000,0x000000b190d00000)]

Other Threads:
  0x00000204b242cfc0 VMThread "VM Thread" [stack: 0x000000b18ed00000,0x000000b18ee00000] [id=28728]
  0x00000204946a75f0 WatcherThread [stack: 0x000000b18fd00000,0x000000b18fe00000] [id=16168]
  0x0000020494711af0 GCTaskThread "GC Thread#0" [stack: 0x000000b18e800000,0x000000b18e900000] [id=11132]
  0x00000204f69b3080 GCTaskThread "GC Thread#1" [stack: 0x000000b18fe00000,0x000000b18ff00000] [id=28076]
  0x00000204f69a4c60 GCTaskThread "GC Thread#2" [stack: 0x000000b18ff00000,0x000000b190000000] [id=26216]
  0x00000204f69db240 GCTaskThread "GC Thread#3" [stack: 0x000000b190000000,0x000000b190100000] [id=16612]
  0x00000204f69db500 GCTaskThread "GC Thread#4" [stack: 0x000000b190100000,0x000000b190200000] [id=27872]
  0x00000204f69dbbd0 GCTaskThread "GC Thread#5" [stack: 0x000000b190200000,0x000000b190300000] [id=27780]
  0x00000204f69dbe90 GCTaskThread "GC Thread#6" [stack: 0x000000b190300000,0x000000b190400000] [id=4484]
  0x00000204f69dc150 GCTaskThread "GC Thread#7" [stack: 0x000000b190400000,0x000000b190500000] [id=29316]
  0x00000204f69dc410 GCTaskThread "GC Thread#8" [stack: 0x000000b190500000,0x000000b190600000] [id=30064]
=>0x00000204f69dc6d0 GCTaskThread "GC Thread#9" [stack: 0x000000b190600000,0x000000b190700000] [id=10388]
  0x0000020494722690 ConcurrentGCThread "G1 Main Marker" [stack: 0x000000b18e900000,0x000000b18ea00000] [id=13352]
  0x00000204947230b0 ConcurrentGCThread "G1 Conc#0" [stack: 0x000000b18ea00000,0x000000b18eb00000] [id=19012]
  0x00000204fb74b7c0 ConcurrentGCThread "G1 Conc#1" [stack: 0x000000b190a00000,0x000000b190b00000] [id=26772]
  0x00000204fb74af80 ConcurrentGCThread "G1 Conc#2" [stack: 0x000000b190b00000,0x000000b190c00000] [id=29476]
  0x00000204b236a9a0 ConcurrentGCThread "G1 Refine#0" [stack: 0x000000b18eb00000,0x000000b18ec00000] [id=21444]
  0x00000204f6a2b220 ConcurrentGCThread "G1 Refine#1" [stack: 0x000000b190700000,0x000000b190800000] [id=21000]
  0x00000204f6a2a550 ConcurrentGCThread "G1 Refine#2" [stack: 0x000000b190800000,0x000000b190900000] [id=17552]
  0x00000204b236b3d0 ConcurrentGCThread "G1 Service" [stack: 0x000000b18ec00000,0x000000b18ed00000] [id=4192]

Threads with active compile tasks:

VM state: at safepoint (normal execution)

VM Mutex/Monitor currently owned by a thread:  ([mutex/lock_event])
[0x00000204946a3050] Threads_lock - owner thread: 0x00000204b242cfc0
[0x00000204946a27e0] Heap_lock - owner thread: 0x00000204946a6630

Heap address: 0x0000000605800000, size: 8104 MB, Compressed Oops mode: Zero based, Oop shift amount: 3

CDS archive(s) mapped at: [0x00000204b5000000-0x00000204b5bb0000-0x00000204b5bb0000), size 12255232, SharedBaseAddress: 0x00000204b5000000, ArchiveRelocationMode: 1.
Compressed class space mapped at: 0x00000204b6000000-0x00000204f6000000, reserved size: 1073741824
Narrow klass base: 0x00000204b5000000, Narrow klass shift: 0, Narrow klass range: 0x100000000

GC Precious Log:
 CPUs: 12 total, 12 available
 Memory: 32400M
 Large Page Support: Disabled
 NUMA Support: Disabled
 Compressed Oops: Enabled (Zero based)
 Heap Region Size: 4M
 Heap Min Capacity: 8M
 Heap Initial Capacity: 508M
 Heap Max Capacity: 8104M
 Pre-touch: Disabled
 Parallel Workers: 10
 Concurrent Workers: 3
 Concurrent Refinement Workers: 10
 Periodic GC: Disabled

Heap:
 garbage-first heap   total 81920K, used 53801K [0x0000000605800000, 0x0000000800000000)
  region size 4096K, 11 young (45056K), 2 survivors (8192K)
 Metaspace       used 31060K, committed 31488K, reserved 1114112K
  class space    used 4408K, committed 4608K, reserved 1048576K

Heap Regions: E=young(eden), S=young(survivor), O=old, HS=humongous(starts), HC=humongous(continues), CS=collection set, F=free, OA=open archive, CA=closed archive, TAMS=top-at-mark-start (previous, next)
|   0|0x0000000605800000, 0x0000000605c00000, 0x0000000605c00000|100%| O|  |TAMS 0x0000000605c00000, 0x0000000605800000| Untracked 
|   1|0x0000000605c00000, 0x0000000605c00000, 0x0000000606000000|  0%| O|  |TAMS 0x0000000605c00000, 0x0000000605c00000| Untracked 
|   2|0x0000000606000000, 0x0000000606400000, 0x0000000606400000|100%| O|  |TAMS 0x0000000606000000, 0x0000000606000000| Untracked 
|   3|0x0000000606400000, 0x0000000606400000, 0x0000000606800000|  0%| F|  |TAMS 0x0000000606400000, 0x0000000606400000| Untracked 
|   4|0x0000000606800000, 0x0000000606800000, 0x0000000606c00000|  0%| F|  |TAMS 0x0000000606800000, 0x0000000606800000| Untracked 
|   5|0x0000000606c00000, 0x0000000606c00000, 0x0000000607000000|  0%| F|  |TAMS 0x0000000606c00000, 0x0000000606c00000| Untracked 
|   6|0x0000000607000000, 0x0000000607400000, 0x0000000607400000|100%| O|  |TAMS 0x0000000607000000, 0x0000000607000000| Untracked 
|   7|0x0000000607400000, 0x0000000607800000, 0x0000000607800000|100%| O|  |TAMS 0x0000000607400000, 0x0000000607400000| Untracked 
|   8|0x0000000607800000, 0x0000000607843410, 0x0000000607c00000|  6%| S|  |TAMS 0x0000000607800000, 0x0000000607800000| Complete 
|   9|0x0000000607c00000, 0x0000000608000000, 0x0000000608000000|100%| S|  |TAMS 0x0000000607c00000, 0x0000000607c00000| Complete 
|  10|0x0000000608000000, 0x0000000608400000, 0x0000000608400000|100%| E|CS|TAMS 0x0000000608000000, 0x0000000608000000| Complete 
|  11|0x0000000608400000, 0x0000000608800000, 0x0000000608800000|100%| E|CS|TAMS 0x0000000608400000, 0x0000000608400000| Complete 
|  12|0x0000000608800000, 0x0000000608c00000, 0x0000000608c00000|100%| E|CS|TAMS 0x0000000608800000, 0x0000000608800000| Complete 
|  13|0x0000000608c00000, 0x0000000609000000, 0x0000000609000000|100%| E|CS|TAMS 0x0000000608c00000, 0x0000000608c00000| Complete 
|  14|0x0000000609000000, 0x0000000609400000, 0x0000000609400000|100%| E|CS|TAMS 0x0000000609000000, 0x0000000609000000| Complete 
|  15|0x0000000609400000, 0x0000000609800000, 0x0000000609800000|100%| E|CS|TAMS 0x0000000609400000, 0x0000000609400000| Complete 
| 121|0x0000000623c00000, 0x0000000624000000, 0x0000000624000000|100%| E|CS|TAMS 0x0000000623c00000, 0x0000000623c00000| Complete 
| 122|0x0000000624000000, 0x0000000624400000, 0x0000000624400000|100%| E|CS|TAMS 0x0000000624000000, 0x0000000624000000| Complete 
| 125|0x0000000624c00000, 0x0000000624d6d1e0, 0x0000000625000000| 35%| E|CS|TAMS 0x0000000624c00000, 0x0000000624c00000| Complete 
| 126|0x0000000625000000, 0x0000000625400000, 0x0000000625400000|100%| E|CS|TAMS 0x0000000625000000, 0x0000000625000000| Complete 

Card table byte_map: [0x00000204a04c0000,0x00000204a14a0000] _byte_map_base: 0x000002049d494000

Marking Bits (Prev, Next): (CMBitMap*) 0x0000020494712060, (CMBitMap*) 0x0000020494712020
 Prev Bits: [0x00000204aa320000, 0x00000204b21c0000)
 Next Bits: [0x00000204a2480000, 0x00000204aa320000)

Polling page: 0x0000020492670000

Metaspace:

Usage:
  Non-class:     26.03 MB used.
      Class:      4.31 MB used.
       Both:     30.33 MB used.

Virtual space:
  Non-class space:       64.00 MB reserved,      26.25 MB ( 41%) committed,  1 nodes.
      Class space:        1.00 GB reserved,       4.50 MB ( <1%) committed,  1 nodes.
             Both:        1.06 GB reserved,      30.75 MB (  3%) committed. 

Chunk freelists:
   Non-Class:  5.28 MB
       Class:  11.54 MB
        Both:  16.82 MB

MaxMetaspaceSize: unlimited
CompressedClassSpaceSize: 1.00 GB
Initial GC threshold: 21.00 MB
Current GC threshold: 35.12 MB
CDS: on
MetaspaceReclaimPolicy: balanced
 - commit_granule_bytes: 65536.
 - commit_granule_words: 8192.
 - virtual_space_node_default_size: 8388608.
 - enlarge_chunks_in_place: 1.
 - new_chunks_are_fully_committed: 0.
 - uncommit_free_chunks: 1.
 - use_allocation_guard: 0.
 - handle_deallocations: 1.


Internal statistics:

num_allocs_failed_limit: 3.
num_arena_births: 600.
num_arena_deaths: 0.
num_vsnodes_births: 2.
num_vsnodes_deaths: 0.
num_space_committed: 492.
num_space_uncommitted: 0.
num_chunks_returned_to_freelist: 3.
num_chunks_taken_from_freelist: 1677.
num_chunk_merges: 0.
num_chunk_splits: 1166.
num_chunks_enlarged: 856.
num_inconsistent_stats: 0.

CodeCache: size=49152Kb used=9021Kb max_used=9021Kb free=40130Kb
 bounds [0x000002049c1b0000, 0x000002049ca80000, 0x000002049f1b0000]
 total_blobs=4470 nmethods=3938 adapters=456
 compilation: enabled
              stopped_count=0, restarted_count=0
 full_count=0

Compilation events (20 events):
Event: 1.585 Thread 0x00000204f60e9530 3928       1       java.net.URL::openStream (8 bytes)
Event: 1.585 Thread 0x00000204f60e9530 nmethod 3928 0x000002049ca7c410 code [0x000002049ca7c5c0, 0x000002049ca7c6d8]
Event: 1.589 Thread 0x00000204f60e9530 3930       1       org.springframework.beans.factory.support.AbstractBeanFactory::getBeanPostProcessors (5 bytes)
Event: 1.589 Thread 0x00000204f60e9530 nmethod 3930 0x000002049ca7ca90 code [0x000002049ca7cc20, 0x000002049ca7ccf8]
Event: 1.589 Thread 0x00000204f60e9530 3931       1       org.springframework.aop.support.AopUtils::canApply (53 bytes)
Event: 1.589 Thread 0x00000204f60e9530 nmethod 3931 0x000002049ca7cd90 code [0x000002049ca7cf80, 0x000002049ca7d298]
Event: 1.590 Thread 0x00000204f60e9530 3932       1       org.springframework.boot.context.properties.source.SpringIterableConfigurationPropertySource$Mappings::containsDescendantOf (93 bytes)
Event: 1.590 Thread 0x00000204f60e9530 nmethod 3932 0x000002049ca7d390 code [0x000002049ca7d5a0, 0x000002049ca7d8f8]
Event: 1.590 Thread 0x00000204f60e9530 3933       1       org.springframework.core.convert.support.GenericConversionService$Converters::addToClassHierarchy (30 bytes)
Event: 1.590 Thread 0x00000204f60e9530 nmethod 3933 0x000002049ca7db10 code [0x000002049ca7dcc0, 0x000002049ca7de68]
Event: 1.590 Thread 0x00000204f60e9530 3934       1       org.springframework.core.convert.TypeDescriptor$AnnotatedElementAdapter::isEmpty (14 bytes)
Event: 1.590 Thread 0x00000204f60e9530 nmethod 3934 0x000002049ca7df90 code [0x000002049ca7e120, 0x000002049ca7e218]
Event: 1.590 Thread 0x00000204f619e460 3935       1       org.springframework.core.convert.TypeDescriptor$AnnotatedElementAdapter::getAnnotations (25 bytes)
Event: 1.590 Thread 0x00000204b244db50 3936       1       org.springframework.core.convert.TypeDescriptor::hashCode (8 bytes)
Event: 1.590 Thread 0x00000204f619e980 3937       1       java.util.ArrayList::add (65 bytes)
Event: 1.590 Thread 0x00000204f60e9530 3938       1       org.springframework.core.convert.TypeDescriptor::getAnnotations (8 bytes)
Event: 1.591 Thread 0x00000204f619e460 nmethod 3935 0x000002049ca7e290 code [0x000002049ca7e440, 0x000002049ca7e5a8]
Event: 1.591 Thread 0x00000204b244db50 nmethod 3936 0x000002049ca7e690 code [0x000002049ca7e820, 0x000002049ca7e908]
Event: 1.591 Thread 0x00000204f60e9530 nmethod 3938 0x000002049ca7ea10 code [0x000002049ca7ebc0, 0x000002049ca7ed48]
Event: 1.591 Thread 0x00000204f619e980 nmethod 3937 0x000002049ca7ee90 code [0x000002049ca7f060, 0x000002049ca7f458]

GC Heap History (13 events):
Event: 0.373 GC heap before
{Heap before GC invocations=0 (full 0):
 garbage-first heap   total 520192K, used 20480K [0x0000000605800000, 0x0000000800000000)
  region size 4096K, 6 young (24576K), 0 survivors (0K)
 Metaspace       used 7081K, committed 7296K, reserved 1114112K
  class space    used 897K, committed 1024K, reserved 1048576K
}
Event: 0.376 GC heap after
{Heap after GC invocations=1 (full 0):
 garbage-first heap   total 520192K, used 7232K [0x0000000605800000, 0x0000000800000000)
  region size 4096K, 1 young (4096K), 1 survivors (4096K)
 Metaspace       used 7081K, committed 7296K, reserved 1114112K
  class space    used 897K, committed 1024K, reserved 1048576K
}
Event: 0.569 GC heap before
{Heap before GC invocations=1 (full 0):
 garbage-first heap   total 520192K, used 27712K [0x0000000605800000, 0x0000000800000000)
  region size 4096K, 6 young (24576K), 1 survivors (4096K)
 Metaspace       used 11046K, committed 11328K, reserved 1114112K
  class space    used 1514K, committed 1664K, reserved 1048576K
}
Event: 0.571 GC heap after
{Heap after GC invocations=2 (full 0):
 garbage-first heap   total 520192K, used 8694K [0x0000000605800000, 0x0000000800000000)
  region size 4096K, 1 young (4096K), 1 survivors (4096K)
 Metaspace       used 11046K, committed 11328K, reserved 1114112K
  class space    used 1514K, committed 1664K, reserved 1048576K
}
Event: 0.792 GC heap before
{Heap before GC invocations=2 (full 0):
 garbage-first heap   total 520192K, used 53750K [0x0000000605800000, 0x0000000800000000)
  region size 4096K, 13 young (53248K), 1 survivors (4096K)
 Metaspace       used 19558K, committed 19776K, reserved 1114112K
  class space    used 2657K, committed 2752K, reserved 1048576K
}
Event: 0.794 GC heap after
{Heap after GC invocations=3 (full 0):
 garbage-first heap   total 520192K, used 12115K [0x0000000605800000, 0x0000000800000000)
  region size 4096K, 2 young (8192K), 2 survivors (8192K)
 Metaspace       used 19558K, committed 19776K, reserved 1114112K
  class space    used 2657K, committed 2752K, reserved 1048576K
}
Event: 0.857 GC heap before
{Heap before GC invocations=3 (full 0):
 garbage-first heap   total 520192K, used 24403K [0x0000000605800000, 0x0000000800000000)
  region size 4096K, 6 young (24576K), 2 survivors (8192K)
 Metaspace       used 21226K, committed 21504K, reserved 1114112K
  class space    used 2915K, committed 3072K, reserved 1048576K
}
Event: 0.859 GC heap after
{Heap after GC invocations=4 (full 0):
 garbage-first heap   total 520192K, used 13406K [0x0000000605800000, 0x0000000800000000)
  region size 4096K, 2 young (8192K), 2 survivors (8192K)
 Metaspace       used 21226K, committed 21504K, reserved 1114112K
  class space    used 2915K, committed 3072K, reserved 1048576K
}
Event: 1.214 GC heap before
{Heap before GC invocations=5 (full 0):
 garbage-first heap   total 81920K, used 58462K [0x0000000605800000, 0x0000000800000000)
  region size 4096K, 14 young (57344K), 2 survivors (8192K)
 Metaspace       used 25364K, committed 25664K, reserved 1114112K
  class space    used 3563K, committed 3712K, reserved 1048576K
}
Event: 1.218 GC heap after
{Heap after GC invocations=6 (full 0):
 garbage-first heap   total 81920K, used 15943K [0x0000000605800000, 0x0000000800000000)
  region size 4096K, 3 young (12288K), 3 survivors (12288K)
 Metaspace       used 25364K, committed 25664K, reserved 1114112K
  class space    used 3563K, committed 3712K, reserved 1048576K
}
Event: 1.262 GC heap before
{Heap before GC invocations=6 (full 0):
 garbage-first heap   total 81920K, used 20039K [0x0000000605800000, 0x0000000800000000)
  region size 4096K, 4 young (16384K), 3 survivors (12288K)
 Metaspace       used 26261K, committed 26688K, reserved 1114112K
  class space    used 3690K, committed 3904K, reserved 1048576K
}
Event: 1.267 GC heap after
{Heap after GC invocations=7 (full 0):
 garbage-first heap   total 81920K, used 16937K [0x0000000605800000, 0x0000000800000000)
  region size 4096K, 1 young (4096K), 1 survivors (4096K)
 Metaspace       used 26261K, committed 26688K, reserved 1114112K
  class space    used 3690K, committed 3904K, reserved 1048576K
}
Event: 1.592 GC heap before
{Heap before GC invocations=7 (full 0):
 garbage-first heap   total 81920K, used 53801K [0x0000000605800000, 0x0000000800000000)
  region size 4096K, 10 young (40960K), 1 survivors (4096K)
 Metaspace       used 31060K, committed 31488K, reserved 1114112K
  class space    used 4408K, committed 4608K, reserved 1048576K
}

Dll operation events (13 events):
Event: 0.006 Loaded shared library C:\Users\alibugra.sahin\.jdks\temurin-17.0.12\bin\java.dll
Event: 0.019 Loaded shared library C:\Users\alibugra.sahin\.jdks\temurin-17.0.12\bin\jsvml.dll
Event: 0.069 Loaded shared library C:\Users\alibugra.sahin\.jdks\temurin-17.0.12\bin\zip.dll
Event: 0.070 Loaded shared library C:\Users\alibugra.sahin\.jdks\temurin-17.0.12\bin\instrument.dll
Event: 0.073 Loaded shared library C:\Users\alibugra.sahin\.jdks\temurin-17.0.12\bin\net.dll
Event: 0.074 Loaded shared library C:\Users\alibugra.sahin\.jdks\temurin-17.0.12\bin\nio.dll
Event: 0.076 Loaded shared library C:\Users\alibugra.sahin\.jdks\temurin-17.0.12\bin\zip.dll
Event: 0.113 Loaded shared library C:\Program Files\JetBrains\IntelliJ IDEA 2024.1.4\bin\breakgen64.dll
Event: 0.116 Loaded shared library C:\Users\alibugra.sahin\.jdks\temurin-17.0.12\bin\jimage.dll
Event: 0.120 Loaded shared library C:\Users\alibugra.sahin\.jdks\temurin-17.0.12\bin\extnet.dll
Event: 0.125 Loaded shared library C:\Users\alibugra.sahin\.jdks\temurin-17.0.12\bin\management.dll
Event: 0.129 Loaded shared library C:\Users\alibugra.sahin\.jdks\temurin-17.0.12\bin\management_ext.dll
Event: 0.855 Loaded shared library C:\Users\alibugra.sahin\.jdks\temurin-17.0.12\bin\sunmscapi.dll

Deoptimization events (0 events):
No events

Classes loaded (20 events):
Event: 1.506 Loading class java/beans/PropertyChangeSupport$PropertyChangeListenerMap
Event: 1.506 Loading class java/beans/ChangeListenerMap
Event: 1.506 Loading class java/beans/ChangeListenerMap done
Event: 1.506 Loading class java/beans/PropertyChangeSupport$PropertyChangeListenerMap done
Event: 1.506 Loading class java/beans/PropertyChangeListener
Event: 1.506 Loading class java/beans/PropertyChangeListener done
Event: 1.512 Loading class java/beans/PropertyChangeEvent
Event: 1.512 Loading class java/beans/PropertyChangeEvent done
Event: 1.518 Loading class java/nio/BufferUnderflowException
Event: 1.518 Loading class java/nio/BufferUnderflowException done
Event: 1.524 Loading class java/io/FileReader
Event: 1.524 Loading class java/io/FileReader done
Event: 1.536 Loading class java/lang/instrument/IllegalClassFormatException
Event: 1.536 Loading class java/lang/instrument/IllegalClassFormatException done
Event: 1.549 Loading class java/util/logging/LogRecord
Event: 1.549 Loading class java/util/logging/LogRecord done
Event: 1.566 Loading class java/util/stream/ReduceOps$2
Event: 1.566 Loading class java/util/stream/ReduceOps$2 done
Event: 1.567 Loading class java/util/stream/ReduceOps$2ReducingSink
Event: 1.567 Loading class java/util/stream/ReduceOps$2ReducingSink done

Classes unloaded (0 events):
No events

Classes redefined (0 events):
No events

Internal exceptions (20 events):
Event: 1.292 Thread 0x00000204946a6630 Exception <a 'java/lang/NoClassDefFoundError'{0x000000062526c960}: org/quartz/Scheduler> (0x000000062526c960) 
thrown [s\src\hotspot\share\classfile\systemDictionary.cpp, line 245]
Event: 1.292 Thread 0x00000204946a6630 Exception <a 'java/lang/NoClassDefFoundError'{0x000000062526f570}: org/springframework/session/jdbc/JdbcIndexedSessionRepository> (0x000000062526f570) 
thrown [s\src\hotspot\share\classfile\systemDictionary.cpp, line 245]
Event: 1.304 Thread 0x00000204946a6630 Exception <a 'java/lang/NoClassDefFoundError'{0x0000000624095b18}: org/jooq/DSLContext> (0x0000000624095b18) 
thrown [s\src\hotspot\share\classfile\systemDictionary.cpp, line 245]
Event: 1.324 Thread 0x00000204946a6630 Exception <a 'java/lang/NoSuchMethodError'{0x0000000624236760}: 'void java.lang.invoke.DirectMethodHandle$Holder.invokeSpecial(java.lang.Object, java.lang.Object, java.lang.Object, java.lang.Object, java.lang.Object, java.lang.Object)'> (0x0000000624236760) 
thrown [s\src\hotspot\share\interpreter\linkResolver.cpp, line 759]
Event: 1.362 Thread 0x00000204946a6630 Exception <a 'java/lang/NoSuchMethodError'{0x0000000623df3da0}: 'java.lang.Object java.lang.invoke.DirectMethodHandle$Holder.newInvokeSpecial(java.lang.Object, java.lang.Object, java.lang.Object, java.lang.Object, java.lang.Object, java.lang.Object, java.lang.Object, java.lang.Object, java.lang.Object)'> (0x0000000623df3da0) 
thrown [s\src\hotspot\share\interpreter\linkResolver.cpp, line 759]
Event: 1.362 Thread 0x00000204946a6630 Exception <a 'java/lang/NoSuchMethodError'{0x0000000623df8638}: 'java.lang.Object java.lang.invoke.Invokers$Holder.linkToTargetMethod(java.lang.Object, java.lang.Object, java.lang.Object, java.lang.Object, java.lang.Object, java.lang.Object, java.lang.Object, java.lang.Object, java.lang.Object)'> (0x0000000623df8638) 
thrown [s\src\hotspot\share\interpreter\linkResolver.cpp, line 759]
Event: 1.392 Thread 0x00000204946a6630 Exception <a 'java/lang/NoSuchMethodError'{0x00000006094e6930}: 'java.lang.Object java.lang.invoke.DirectMethodHandle$Holder.invokeSpecialIFC(java.lang.Object, java.lang.Object, java.lang.Object)'> (0x00000006094e6930) 
thrown [s\src\hotspot\share\interpreter\linkResolver.cpp, line 759]
Event: 1.452 Thread 0x00000204946a6630 Exception <a 'java/lang/NoSuchMethodError'{0x000000060935a288}: 'void java.lang.invoke.DirectMethodHandle$Holder.invokeInterface(java.lang.Object, java.lang.Object, int)'> (0x000000060935a288) 
thrown [s\src\hotspot\share\interpreter\linkResolver.cpp, line 759]
Event: 1.453 Thread 0x00000204946a6630 Exception <a 'java/lang/IncompatibleClassChangeError'{0x00000006093aa028}: Found class java.lang.Object, but interface was expected> (0x00000006093aa028) 
thrown [s\src\hotspot\share\interpreter\linkResolver.cpp, line 826]
Event: 1.454 Thread 0x00000204946a6630 Exception <a 'java/lang/NoSuchMethodError'{0x00000006093cd468}: 'void java.lang.invoke.DirectMethodHandle$Holder.invokeStatic(java.lang.Object, int, java.lang.Object)'> (0x00000006093cd468) 
thrown [s\src\hotspot\share\interpreter\linkResolver.cpp, line 759]
Event: 1.456 Thread 0x00000204946a6630 Exception <a 'java/lang/NoSuchMethodError'{0x0000000608c09ab8}: 'void java.lang.invoke.DirectMethodHandle$Holder.invokeVirtual(java.lang.Object, java.lang.Object, int)'> (0x0000000608c09ab8) 
thrown [s\src\hotspot\share\interpreter\linkResolver.cpp, line 759]
Event: 1.456 Thread 0x00000204946a6630 Exception <a 'java/lang/NoSuchMethodError'{0x0000000608c0fcf0}: 'void java.lang.invoke.DirectMethodHandle$Holder.invokeStatic(java.lang.Object, java.lang.Object, java.lang.Object, int, java.lang.Object)'> (0x0000000608c0fcf0) 
thrown [s\src\hotspot\share\interpreter\linkResolver.cpp, line 759]
Event: 1.456 Thread 0x00000204946a6630 Exception <a 'java/lang/NoSuchMethodError'{0x0000000608c171f8}: 'java.lang.Object java.lang.invoke.DirectMethodHandle$Holder.newInvokeSpecial(java.lang.Object, java.lang.Object, java.lang.Object, int)'> (0x0000000608c171f8) 
thrown [s\src\hotspot\share\interpreter\linkResolver.cpp, line 759]
Event: 1.456 Thread 0x00000204946a6630 Exception <a 'java/lang/NoSuchMethodError'{0x0000000608c1b4e0}: 'java.lang.Object java.lang.invoke.DirectMethodHandle$Holder.invokeSpecial(java.lang.Object, java.lang.Object, java.lang.Object, java.lang.Object, int)'> (0x0000000608c1b4e0) 
thrown [s\src\hotspot\share\interpreter\linkResolver.cpp, line 759]
Event: 1.456 Thread 0x00000204946a6630 Exception <a 'java/lang/NoSuchMethodError'{0x0000000608c1f0a8}: 'java.lang.Object java.lang.invoke.Invokers$Holder.linkToTargetMethod(java.lang.Object, java.lang.Object, int, java.lang.Object)'> (0x0000000608c1f0a8) 
thrown [s\src\hotspot\share\interpreter\linkResolver.cpp, line 759]
Event: 1.552 Thread 0x00000204946a6630 Exception <a 'java/lang/NoSuchMethodError'{0x00000006087ef780}: 'java.lang.Object java.lang.invoke.DirectMethodHandle$Holder.invokeSpecial(java.lang.Object, java.lang.Object, long, java.lang.Object, java.lang.Object, java.lang.Object, java.lang.Object, java.lang.Object, java.lang.Object)'> (0x00000006087ef780) 
thrown [s\src\hotspot\share\interpreter\linkResolver.cpp, line 759]
Event: 1.553 Thread 0x00000204946a6630 Exception <a 'java/lang/NoSuchMethodError'{0x00000006087f42a8}: 'java.lang.Object java.lang.invoke.DelegatingMethodHandle$Holder.reinvoke_L(java.lang.Object, long, java.lang.Object, java.lang.Object, java.lang.Object, java.lang.Object, java.lang.Object, java.lang.Object)'> (0x00000006087f42a8) 
thrown [s\src\hotspot\share\interpreter\linkResolver.cpp, line 759]
Event: 1.570 Thread 0x00000204946a6630 Exception <a 'java/io/FileNotFoundException'{0x0000000608183110}> (0x0000000608183110) 
thrown [s\src\hotspot\share\prims\jni.cpp, line 516]
Event: 1.571 Thread 0x00000204946a6630 Exception <a 'java/io/FileNotFoundException'{0x0000000608184898}> (0x0000000608184898) 
thrown [s\src\hotspot\share\prims\jni.cpp, line 516]
Event: 1.586 Thread 0x00000204946a6630 Exception <a 'java/lang/NoSuchMethodError'{0x000000060834b680}: 'int java.lang.invoke.DirectMethodHandle$Holder.invokeInterface(java.lang.Object, java.lang.Object, java.lang.Object, java.lang.Object)'> (0x000000060834b680) 
thrown [s\src\hotspot\share\interpreter\linkResolver.cpp, line 759]

VM Operations (20 events):
Event: 1.218 Executing VM operation: G1CollectForAllocation done
Event: 1.242 Executing VM operation: HandshakeAllThreads
Event: 1.242 Executing VM operation: HandshakeAllThreads done
Event: 1.244 Executing VM operation: HandshakeAllThreads
Event: 1.244 Executing VM operation: HandshakeAllThreads done
Event: 1.262 Executing VM operation: G1CollectForAllocation
Event: 1.267 Executing VM operation: G1CollectForAllocation done
Event: 1.329 Executing VM operation: HandshakeAllThreads
Event: 1.329 Executing VM operation: HandshakeAllThreads done
Event: 1.336 Executing VM operation: HandshakeAllThreads
Event: 1.336 Executing VM operation: HandshakeAllThreads done
Event: 1.536 Executing VM operation: HandshakeAllThreads
Event: 1.536 Executing VM operation: HandshakeAllThreads done
Event: 1.537 Executing VM operation: HandshakeAllThreads
Event: 1.537 Executing VM operation: HandshakeAllThreads done
Event: 1.560 Executing VM operation: HandshakeAllThreads
Event: 1.560 Executing VM operation: HandshakeAllThreads done
Event: 1.566 Executing VM operation: HandshakeAllThreads
Event: 1.566 Executing VM operation: HandshakeAllThreads done
Event: 1.592 Executing VM operation: G1CollectForAllocation

Events (20 events):
Event: 0.027 Thread 0x00000204b2448510 Thread added: 0x00000204b2448510
Event: 0.027 Thread 0x00000204b244b1a0 Thread added: 0x00000204b244b1a0
Event: 0.027 Thread 0x00000204b244ccd0 Thread added: 0x00000204b244ccd0
Event: 0.027 Thread 0x00000204b244db50 Thread added: 0x00000204b244db50
Event: 0.027 Thread 0x00000204b244e960 Thread added: 0x00000204b244e960
Event: 0.028 Thread 0x00000204f60e9530 Thread added: 0x00000204f60e9530
Event: 0.060 Thread 0x00000204f6198d70 Thread added: 0x00000204f6198d70
Event: 0.064 Thread 0x00000204f619e460 Thread added: 0x00000204f619e460
Event: 0.064 Thread 0x00000204f619e980 Thread added: 0x00000204f619e980
Event: 0.113 Thread 0x00000204f6593990 Thread added: 0x00000204f6593990
Event: 0.113 Thread 0x00000204f6593e70 Thread added: 0x00000204f6593e70
Event: 0.237 Thread 0x00000204f66976b0 Thread added: 0x00000204f66976b0
Event: 0.552 Thread 0x00000204f6b76430 Thread added: 0x00000204f6b76430
Event: 0.749 Thread 0x00000204fb55b570 Thread added: 0x00000204fb55b570
Event: 0.766 Thread 0x00000204fb55b570 Thread exited: 0x00000204fb55b570
Event: 0.870 Thread 0x00000204f6b76430 Thread exited: 0x00000204f6b76430
Event: 1.067 Thread 0x00000204fb9e0cd0 Thread added: 0x00000204fb9e0cd0
Event: 1.077 Thread 0x00000204fb9c66d0 Thread added: 0x00000204fb9c66d0
Event: 1.081 Thread 0x00000204fb9bf850 Thread added: 0x00000204fb9bf850
Event: 1.093 Thread 0x00000204fb9bf850 Thread exited: 0x00000204fb9bf850


Dynamic libraries:
0x00007ff7da270000 - 0x00007ff7da27e000 	C:\Users\alibugra.sahin\.jdks\temurin-17.0.12\bin\java.exe
0x00007ffac8db0000 - 0x00007ffac8fa8000 	C:\Windows\SYSTEM32\ntdll.dll
0x00007ffac7220000 - 0x00007ffac72dd000 	C:\Windows\System32\KERNEL32.DLL
0x00007ffac6490000 - 0x00007ffac6786000 	C:\Windows\System32\KERNELBASE.dll
0x00007ffac8d40000 - 0x00007ffac8d63000 	C:\Program Files (x86)\Common Files\Kaspersky Lab\KES-21-14\klhk\klhk_x64\klhkum.{60.0.12.0}.{709CA0B3-C7BE-485D-803F-204D89DDC3E9}.dll
0x00007ffac6790000 - 0x00007ffac6890000 	C:\Windows\System32\ucrtbase.dll
0x00007ffab2880000 - 0x00007ffab289b000 	C:\Users\alibugra.sahin\.jdks\temurin-17.0.12\bin\VCRUNTIME140.dll
0x00007ffaa47a0000 - 0x00007ffaa47b7000 	C:\Users\alibugra.sahin\.jdks\temurin-17.0.12\bin\jli.dll
0x00007ffac75f0000 - 0x00007ffac778e000 	C:\Windows\System32\USER32.dll
0x00007ffaa4020000 - 0x00007ffaa42ba000 	C:\Windows\WinSxS\amd64_microsoft.windows.common-controls_6595b64144ccf1df_6.0.19041.3636_none_60b6a03d71f818d5\COMCTL32.dll
0x00007ffac74f0000 - 0x00007ffac758e000 	C:\Windows\System32\msvcrt.dll
0x00007ffac6a50000 - 0x00007ffac6a72000 	C:\Windows\System32\win32u.dll
0x00007ffac74c0000 - 0x00007ffac74ec000 	C:\Windows\System32\GDI32.dll
0x00007ffac6930000 - 0x00007ffac6a4a000 	C:\Windows\System32\gdi32full.dll
0x00007ffac6890000 - 0x00007ffac692d000 	C:\Windows\System32\msvcp_win.dll
0x00007ffac72e0000 - 0x00007ffac7310000 	C:\Windows\System32\IMM32.DLL
0x0000000068000000 - 0x000000006806c000 	C:\Windows\System32\QIPCAP64.dll
0x00007ffac7790000 - 0x00007ffac783e000 	C:\Windows\System32\ADVAPI32.dll
0x00007ffac7ba0000 - 0x00007ffac7c3c000 	C:\Windows\System32\sechost.dll
0x00007ffac8c10000 - 0x00007ffac8d36000 	C:\Windows\System32\RPCRT4.dll
0x00007ffac8430000 - 0x00007ffac8b74000 	C:\Windows\System32\SHELL32.dll
0x00007ffac58f0000 - 0x00007ffac59ba000 	C:\Windows\SYSTEM32\DNSAPI.dll
0x00007ffac58a0000 - 0x00007ffac58db000 	C:\Windows\SYSTEM32\IPHLPAPI.DLL
0x00007ffac8410000 - 0x00007ffac8418000 	C:\Windows\System32\NSI.dll
0x00007ffabd760000 - 0x00007ffabd76c000 	C:\Users\alibugra.sahin\.jdks\temurin-17.0.12\bin\vcruntime140_1.dll
0x00007ffa78b80000 - 0x00007ffa78c0d000 	C:\Users\alibugra.sahin\.jdks\temurin-17.0.12\bin\msvcp140.dll
0x00007ffa1ee70000 - 0x00007ffa1fada000 	C:\Users\alibugra.sahin\.jdks\temurin-17.0.12\bin\server\jvm.dll
0x00007ffac7cb0000 - 0x00007ffac7d1b000 	C:\Windows\System32\WS2_32.dll
0x00007ffac59c0000 - 0x00007ffac5a0b000 	C:\Windows\SYSTEM32\POWRPROF.dll
0x00007ffabb1a0000 - 0x00007ffabb1c7000 	C:\Windows\SYSTEM32\WINMM.dll
0x00007ffabb190000 - 0x00007ffabb19a000 	C:\Windows\SYSTEM32\VERSION.dll
0x00007ffac5880000 - 0x00007ffac5892000 	C:\Windows\SYSTEM32\UMPDC.dll
0x00007ffac4ae0000 - 0x00007ffac4af2000 	C:\Windows\SYSTEM32\kernel.appcore.dll
0x00007ffabd1d0000 - 0x00007ffabd1da000 	C:\Users\alibugra.sahin\.jdks\temurin-17.0.12\bin\jimage.dll
0x00007ffac3eb0000 - 0x00007ffac4094000 	C:\Windows\SYSTEM32\DBGHELP.DLL
0x00007ffaa7260000 - 0x00007ffaa7294000 	C:\Windows\SYSTEM32\dbgcore.DLL
0x00007ffac6bf0000 - 0x00007ffac6c72000 	C:\Windows\System32\bcryptPrimitives.dll
0x00007ffac3200000 - 0x00007ffac320e000 	C:\Users\alibugra.sahin\.jdks\temurin-17.0.12\bin\instrument.dll
0x00007ffa9e380000 - 0x00007ffa9e3a5000 	C:\Users\alibugra.sahin\.jdks\temurin-17.0.12\bin\java.dll
0x00007ffa4e6c0000 - 0x00007ffa4e797000 	C:\Users\alibugra.sahin\.jdks\temurin-17.0.12\bin\jsvml.dll
0x00007ffac4330000 - 0x00007ffac4acb000 	C:\Windows\SYSTEM32\windows.storage.dll
0x00007ffac7840000 - 0x00007ffac7b94000 	C:\Windows\System32\combase.dll
0x00007ffac5ea0000 - 0x00007ffac5ecd000 	C:\Windows\SYSTEM32\Wldp.dll
0x00007ffac82b0000 - 0x00007ffac835d000 	C:\Windows\System32\SHCORE.dll
0x00007ffac6f10000 - 0x00007ffac6f65000 	C:\Windows\System32\shlwapi.dll
0x00007ffac6390000 - 0x00007ffac63b5000 	C:\Windows\SYSTEM32\profapi.dll
0x00007ffa8d400000 - 0x00007ffa8d418000 	C:\Users\alibugra.sahin\.jdks\temurin-17.0.12\bin\zip.dll
0x00007ffa9e360000 - 0x00007ffa9e379000 	C:\Users\alibugra.sahin\.jdks\temurin-17.0.12\bin\net.dll
0x00007ffac05c0000 - 0x00007ffac06ca000 	C:\Windows\SYSTEM32\WINHTTP.dll
0x00007ffac5c00000 - 0x00007ffac5c6a000 	C:\Windows\system32\mswsock.dll
0x00007ffa8d7d0000 - 0x00007ffa8d7e6000 	C:\Users\alibugra.sahin\.jdks\temurin-17.0.12\bin\nio.dll
0x00007ffabd770000 - 0x00007ffabd78a000 	C:\Program Files\JetBrains\IntelliJ IDEA 2024.1.4\bin\breakgen64.dll
0x00007ffabdd70000 - 0x00007ffabdd7a000 	C:\Windows\System32\rasadhlp.dll
0x00007ffaa52d0000 - 0x00007ffaa52d9000 	C:\Users\alibugra.sahin\.jdks\temurin-17.0.12\bin\extnet.dll
0x00007ffac01a0000 - 0x00007ffac0220000 	C:\Windows\System32\fwpuclnt.dll
0x00000204f6f40000 - 0x00000204f6f67000 	C:\Windows\System32\bcrypt.dll
0x00007ffabdc20000 - 0x00007ffabdc29000 	C:\Users\alibugra.sahin\.jdks\temurin-17.0.12\bin\management.dll
0x00007ffab3150000 - 0x00007ffab315b000 	C:\Users\alibugra.sahin\.jdks\temurin-17.0.12\bin\management_ext.dll
0x00007ffac8420000 - 0x00007ffac8428000 	C:\Windows\System32\PSAPI.DLL
0x00007ffac5df0000 - 0x00007ffac5e08000 	C:\Windows\SYSTEM32\CRYPTSP.dll
0x00007ffac54c0000 - 0x00007ffac54f4000 	C:\Windows\system32\rsaenh.dll
0x00007ffac6350000 - 0x00007ffac637e000 	C:\Windows\SYSTEM32\USERENV.dll
0x00007ffac5e10000 - 0x00007ffac5e1c000 	C:\Windows\SYSTEM32\CRYPTBASE.dll
0x00007ffabfa50000 - 0x00007ffabfa67000 	C:\Windows\SYSTEM32\dhcpcsvc6.DLL
0x00007ffabfa00000 - 0x00007ffabfa1d000 	C:\Windows\SYSTEM32\dhcpcsvc.DLL
0x00007ffaa3b40000 - 0x00007ffaa3b57000 	C:\Windows\system32\napinsp.dll
0x00007ffaa3b80000 - 0x00007ffaa3b9b000 	C:\Windows\system32\pnrpnsp.dll
0x00007ffac0860000 - 0x00007ffac0875000 	C:\Windows\system32\wshbth.dll
0x00007ffac2f20000 - 0x00007ffac2f3d000 	C:\Windows\system32\NLAapi.dll
0x00007ffaa3c80000 - 0x00007ffaa3c92000 	C:\Windows\System32\winrnr.dll
0x00007ffa8d3f0000 - 0x00007ffa8d3fe000 	C:\Users\alibugra.sahin\.jdks\temurin-17.0.12\bin\sunmscapi.dll
0x00007ffac6c80000 - 0x00007ffac6ddd000 	C:\Windows\System32\CRYPT32.dll
0x00007ffac5f10000 - 0x00007ffac5f37000 	C:\Windows\SYSTEM32\ncrypt.dll
0x00007ffac5ed0000 - 0x00007ffac5f0b000 	C:\Windows\SYSTEM32\NTASN1.dll

dbghelp: loaded successfully - version: 4.0.5 - missing functions: none
symbol engine: initialized successfully - sym options: 0x614 - pdb path: .;C:\Users\alibugra.sahin\.jdks\temurin-17.0.12\bin;C:\Windows\SYSTEM32;C:\Program Files (x86)\Common Files\Kaspersky Lab\KES-21-14\klhk\klhk_x64;C:\Windows\WinSxS\amd64_microsoft.windows.common-controls_6595b64144ccf1df_6.0.19041.3636_none_60b6a03d71f818d5;C:\Users\alibugra.sahin\.jdks\temurin-17.0.12\bin\server;C:\Program Files\JetBrains\IntelliJ IDEA 2024.1.4\bin

VM Arguments:
jvm_args: -XX:TieredStopAtLevel=1 -Dspring.output.ansi.enabled=always -Dcom.sun.management.jmxremote -Dspring.jmx.enabled=true -Dspring.liveBeansView.mbeanDomain -Dspring.application.admin.enabled=true -Dmanagement.endpoints.jmx.exposure.include=* -javaagent:C:\Program Files\JetBrains\IntelliJ IDEA 2024.1.4\lib\idea_rt.jar=59830:C:\Program Files\JetBrains\IntelliJ IDEA 2024.1.4\bin -Dfile.encoding=UTF-8 
java_command: yte.ypbs.ypbs_2024_ge3.Ypbs2024Ge3Application
java_class_path (initial): C:\Users\alibugra.sahin\Desktop\YPBS\ypbs-backend-2024-ge3\build\classes\java\main;C:\Users\alibugra.sahin\Desktop\YPBS\ypbs-backend-2024-ge3\build\resources\main;C:\Users\alibugra.sahin\.gradle\caches\modules-2\files-2.1\org.projectlombok\lombok\1.18.34\ec547ef414ab1d2c040118fb9c1c265ada63af14\lombok-1.18.34.jar;C:\Users\alibugra.sahin\.gradle\caches\modules-2\files-2.1\javax.validation\validation-api\2.0.1.Final\cb855558e6271b1b32e716d24cb85c7f583ce09e\validation-api-2.0.1.Final.jar;C:\Users\alibugra.sahin\.gradle\caches\modules-2\files-2.1\org.springframework.boot\spring-boot-starter-data-jpa\3.3.2\2731d74dfc18fb905c29930cf55493980c2cee5a\spring-boot-starter-data-jpa-3.3.2.jar;C:\Users\alibugra.sahin\.gradle\caches\modules-2\files-2.1\com.h2database\h2\2.1.214\d5c2005c9e3279201e12d4776c948578b16bf8b2\h2-2.1.214.jar;C:\Users\alibugra.sahin\.gradle\caches\modules-2\files-2.1\org.springframework.boot\spring-boot-starter-web\3.3.2\720418538668a8742d0ae24097811d5250cf5c32\spring-boot-starter-web-3.3.2.jar;C:\Users\alibugra.sahin\.gradle\caches\modules-2\files-2.1\org.springframework.boot\spring-boot-starter-security\3.3.2\13a1d62a33323306fcd4c4cbb6a98322ce633ac0\spring-boot-starter-security-3.3.2.jar;C:\Users\alibugra.sahin\.gradle\caches\modules-2\files-2.1\org.hibernate.validator\hibernate-validator\8.0.1.Final\e49e116b3d3928060599b176b3538bb848718e95\hibernate-validator-8.0.1.Final.jar;C:\Users\alibugra.sahin\.gradle\caches\modules-2\files-2.1\org.springframework.boot\spring-boot-starter-aop\3.3.2\26d996e253768d3121bb3ffbef28cefc07fdbddb\spring-boot-starter-aop-3.3.2.jar;C:\Users\alibugra.sahin\.gradle\caches\modules-2\files-2.1\org.springframework.boot\spring-boot-starter-jdbc\3.3.2\544775d745288972598ab2e872e5a4816b6d9b39\spring-boot-starter-jdbc-3.3.2.jar;C:\Users\alibugra.sahin\.gradle\caches\modules-2\files-2.1\org.hibernate.orm\hibernate-core\6.5.2.Final\e9e0cc47f6cd2b2553968aee66bd9e55e7485221\hibernate-core-6.5.2.Final.jar;C:\Us
Launcher Type: SUN_STANDARD

[Global flags]
     intx CICompilerCount                          = 4                                         {product} {ergonomic}
     uint ConcGCThreads                            = 3                                         {product} {ergonomic}
     uint G1ConcRefinementThreads                  = 10                                        {product} {ergonomic}
   size_t G1HeapRegionSize                         = 4194304                                   {product} {ergonomic}
    uintx GCDrainStackTargetSize                   = 64                                        {product} {ergonomic}
   size_t InitialHeapSize                          = 532676608                                 {product} {ergonomic}
     bool ManagementServer                         = true                                      {product} {command line}
   size_t MarkStackSize                            = 4194304                                   {product} {ergonomic}
   size_t MaxHeapSize                              = 8497659904                                {product} {ergonomic}
   size_t MaxNewSize                               = 5096079360                                {product} {ergonomic}
   size_t MinHeapDeltaBytes                        = 4194304                                   {product} {ergonomic}
   size_t MinHeapSize                              = 8388608                                   {product} {ergonomic}
    uintx NonProfiledCodeHeapSize                  = 0                                      {pd product} {ergonomic}
     bool ProfileInterpreter                       = false                                  {pd product} {command line}
    uintx ProfiledCodeHeapSize                     = 0                                      {pd product} {ergonomic}
   size_t SoftMaxHeapSize                          = 8497659904                             {manageable} {ergonomic}
     intx TieredStopAtLevel                        = 1                                         {product} {command line}
     bool UseCompressedClassPointers               = true                           {product lp64_product} {ergonomic}
     bool UseCompressedOops                        = true                           {product lp64_product} {ergonomic}
     bool UseG1GC                                  = true                                      {product} {ergonomic}
     bool UseLargePagesIndividualAllocation        = false                                  {pd product} {ergonomic}

Logging:
Log output configuration:
 #0: stdout all=warning uptime,level,tags
 #1: stderr all=off uptime,level,tags

Environment Variables:
PATH=C:\Python312\Scripts\;C:\Python312\;C:\Program Files (x86)\Common Files\Oracle\Java\java8path;C:\Program Files (x86)\Common Files\Oracle\Java\javapath;C:\Windows\system32;C:\Windows;C:\Windows\System32\Wbem;C:\Windows\System32\WindowsPowerShell\v1.0\;C:\Windows\System32\OpenSSH\;C:\Program Files\TortoiseSVN\bin;C:\Windows\system32;C:\ProgramData\chocolatey\bin;C:\Program Files\Docker\Docker\resources\bin;C:\Program Files\Git\cmd;C:\Users\alibugra.sahin\AppData\Roaming\nvm;C:\Program Files\nodejs;C:\Users\alibugra.sahin\AppData\Local\Microsoft\WindowsApps;C:\Users\alibugra.sahin\AppData\Roaming\npm;C:\Program Files\JetBrains\IntelliJ IDEA 2024.1.4\bin;;C:\Program Files\JetBrains\WebStorm 2024.1.5\bin;;C:\Users\alibugra.sahin\AppData\Roaming\nvm;C:\Program Files\nodejs;C:\Users\alibugra.sahin\AppData\Local\Programs\Microsoft VS Code\bin
USERNAME=alibugra.sahin
OS=Windows_NT
PROCESSOR_IDENTIFIER=Intel64 Family 6 Model 154 Stepping 4, GenuineIntel
TMP=C:\Users\ALIBUG~1.SAH\AppData\Local\Temp
TEMP=C:\Users\ALIBUG~1.SAH\AppData\Local\Temp



Periodic native trim disabled


---------------  S Y S T E M  ---------------

OS:
 Windows 10 , 64 bit Build 19041 (10.0.19041.3636)
OS uptime: 4 days 3:22 hours

CPU: total 12 (initial active 12) (6 cores per cpu, 2 threads per core) family 6 model 154 stepping 4 microcode 0x432, cx8, cmov, fxsr, ht, mmx, 3dnowpref, sse, sse2, sse3, ssse3, sse4.1, sse4.2, popcnt, lzcnt, tsc, tscinvbit, avx, avx2, aes, erms, clmul, bmi1, bmi2, adx, sha, fma, vzeroupper, clflush, clflushopt, clwb
Processor Information for processor 0
  Max Mhz: 1700, Current Mhz: 1700, Mhz Limit: 1190
Processor Information for processor 1
  Max Mhz: 1700, Current Mhz: 1700, Mhz Limit: 1190
Processor Information for processor 2
  Max Mhz: 1700, Current Mhz: 1700, Mhz Limit: 1700
Processor Information for processor 3
  Max Mhz: 1700, Current Mhz: 1700, Mhz Limit: 1700
Processor Information for processor 4
  Max Mhz: 1700, Current Mhz: 1200, Mhz Limit: 1190
Processor Information for processor 5
  Max Mhz: 1700, Current Mhz: 1200, Mhz Limit: 1190
Processor Information for processor 6
  Max Mhz: 1700, Current Mhz: 1200, Mhz Limit: 1190
Processor Information for processor 7
  Max Mhz: 1700, Current Mhz: 1200, Mhz Limit: 1190
Processor Information for processor 8
  Max Mhz: 1700, Current Mhz: 1200, Mhz Limit: 1190
Processor Information for processor 9
  Max Mhz: 1700, Current Mhz: 1200, Mhz Limit: 1190
Processor Information for processor 10
  Max Mhz: 1700, Current Mhz: 1200, Mhz Limit: 1190
Processor Information for processor 11
  Max Mhz: 1700, Current Mhz: 1200, Mhz Limit: 1190

Memory: 4k page, system-wide physical 32400M (11559M free)
TotalPageFile size 37264M (AvailPageFile size 11173M)
current process WorkingSet (physical memory assigned to process): 169M, peak: 169M
current process commit charge ("private bytes"): 219M, peak: 647M

vm_info: OpenJDK 64-Bit Server VM (17.0.12+7) for windows-amd64 JRE (17.0.12+7), built on Jul 16 2024 22:08:24 by "admin" with MS VC++ 16.10 / 16.11 (VS2019)

END.
